<?xml version="1.0" encoding="UTF-8"?>
<!-- Generated by org.testng.reporters.JUnitReportReporter -->
<testsuite hostname="DESKTOP-MAH6PC0" failures="0" tests="4" name="com.milestone.four.pagestest.BasicAuthTest" time="6.175" errors="0" timestamp="2026-01-28T19:24:08 IST" skipped="0">
  <testcase classname="com.milestone.four.pagestest.BasicAuthTest" name="verifyBasicAuthPageTitle" time="3.853"/>
  <testcase classname="com.milestone.four.pagestest.BasicAuthTest" name="verifyBasicAuthUrl" time="0.582"/>
  <testcase classname="com.milestone.four.pagestest.BasicAuthTest" name="verifyBasicAuthSuccessMessage" time="0.841"/>
  <testcase classname="com.milestone.four.pagestest.BasicAuthTest" name="verifyBasicAuthContentDisplayed" time="0.899"/>
</testsuite> <!-- com.milestone.four.pagestest.BasicAuthTest -->
