<?xml version="1.0" encoding="UTF-8"?>
<!-- Generated by org.testng.reporters.JUnitReportReporter -->
<testsuite hostname="DESKTOP-MAH6PC0" failures="0" tests="4" name="com.milestone.four.pagestest.ChallengingDOMTest" time="8.089" errors="0" timestamp="2026-01-28T19:24:08 IST" skipped="0">
  <testcase classname="com.milestone.four.pagestest.ChallengingDOMTest" name="verifyChallengingDOMPageTitle" time="1.465"/>
  <testcase classname="com.milestone.four.pagestest.ChallengingDOMTest" name="verifyChallengingDOMPageUrl" time="0.773"/>
  <testcase classname="com.milestone.four.pagestest.ChallengingDOMTest" name="verifyButtonsClickable" time="4.158"/>
  <testcase classname="com.milestone.four.pagestest.ChallengingDOMTest" name="verifyTableDataPresent" time="1.693"/>
</testsuite> <!-- com.milestone.four.pagestest.ChallengingDOMTest -->
