<?xml version="1.0" encoding="UTF-8"?>
<!-- Generated by org.testng.reporters.JUnitReportReporter -->
<testsuite hostname="DESKTOP-MAH6PC0" failures="0" tests="4" name="com.milestone.four.pagestest.BrokenImagesTest" time="9.374" errors="0" timestamp="2026-01-28T19:24:08 IST" skipped="0">
  <testcase classname="com.milestone.four.pagestest.BrokenImagesTest" name="verifyBrokenImagesPageTitle" time="3.127"/>
  <testcase classname="com.milestone.four.pagestest.BrokenImagesTest" name="verifyBrokenImagesPageUrl" time="0.554"/>
  <testcase classname="com.milestone.four.pagestest.BrokenImagesTest" name="verifyImagesPresentOnPage" time="0.556"/>
  <testcase classname="com.milestone.four.pagestest.BrokenImagesTest" name="verifyBrokenImagesCount" time="5.137"/>
</testsuite> <!-- com.milestone.four.pagestest.BrokenImagesTest -->
